<?xml version="1.0" encoding="UTF-8"?>
<!-- Generated by org.testng.reporters.JUnitReportReporter -->
<testsuite hostname="DESKTOP-9CO02UK" failures="0" tests="1" name="com.commontests.CasinoGamesTest" time="8.553" errors="0" timestamp="2025-05-12T16:07:04 EAT" skipped="0">
  <testcase classname="com.commontests.CasinoGamesTest" name="casinoTest" time="8.553"/>
  <system-out/>
</testsuite> <!-- com.commontests.CasinoGamesTest -->
