<?xml version="1.0" encoding="UTF-8"?>
<!-- Generated by org.testng.reporters.JUnitReportReporter -->
<testsuite hostname="DESKTOP-9CO02UK" failures="0" tests="1" name="com.commontests.TestCasinoGamesTest" time="16.821" errors="0" timestamp="2025-03-26T16:13:29 EAT" skipped="0">
  <testcase classname="com.commontests.TestCasinoGamesTest" name="casinoTest" time="16.821"/>
  <system-out/>
</testsuite> <!-- com.commontests.TestCasinoGamesTest -->
