<?xml version="1.0" encoding="UTF-8"?>
<!-- Generated by org.testng.reporters.JUnitReportReporter -->
<testsuite hostname="DESKTOP-9CO02UK" failures="0" tests="3" name="com.commontests.HandballGamesTest" time="30.475" errors="0" timestamp="2025-04-01T10:42:05 EAT" skipped="2">
  <testcase classname="com.commontests.HandballGamesTest" name="selectSingleRandomBet" time="1.687">
    <skipped/>
  </testcase> <!-- selectSingleRandomBet -->
  <system-out/>
  <testcase classname="com.commontests.HandballGamesTest" name="selectSingleRandomBet" time="10.664">
    <skipped/>
  </testcase> <!-- selectSingleRandomBet -->
  <system-out/>
  <testcase classname="com.commontests.HandballGamesTest" name="selectSingleRandomBet" time="18.124"/>
  <system-out/>
</testsuite> <!-- com.commontests.HandballGamesTest -->
