<?xml version="1.0" encoding="UTF-8"?>
<!-- Generated by org.testng.reporters.JUnitReportReporter -->
<testsuite hostname="DESKTOP-9CO02UK" failures="0" tests="1" name="com.commontests.CasinoGamesTest" time="15.422" errors="0" timestamp="2025-04-09T17:25:29 EAT" skipped="0">
  <testcase classname="com.commontests.CasinoGamesTest" name="casinoTest" time="15.422"/>
  <system-out/>
</testsuite> <!-- com.commontests.CasinoGamesTest -->
