<?xml version="1.0" encoding="UTF-8"?>
<!-- Generated by org.testng.reporters.JUnitReportReporter -->
<testsuite hostname="DESKTOP-9CO02UK" failures="0" tests="1" name="com.commontests.TableTennisTest" time="13.111" errors="0" timestamp="2025-04-09T17:24:39 EAT" skipped="0">
  <testcase classname="com.commontests.TableTennisTest" name="PlaceTableTennisMatches" time="13.111"/>
  <system-out/>
</testsuite> <!-- com.commontests.TableTennisTest -->
