<?xml version="1.0" encoding="UTF-8"?>
<!-- Generated by org.testng.reporters.JUnitReportReporter -->
<testsuite hostname="DESKTOP-9CO02UK" failures="0" tests="1" name="com.commontests.BoxingMatchesTest" time="4.420" errors="0" timestamp="2025-05-12T16:07:04 EAT" skipped="0">
  <testcase classname="com.commontests.BoxingMatchesTest" name="placeBoxingMatches" time="4.420"/>
  <system-out/>
</testsuite> <!-- com.commontests.BoxingMatchesTest -->
