<?xml version="1.0" encoding="UTF-8"?>
<!-- Generated by org.testng.reporters.JUnitReportReporter -->
<testsuite hostname="DESKTOP-9CO02UK" failures="0" tests="2" name="com.commontests.PlaceSingleSoccerBetTest" time="10.121" errors="0" timestamp="2025-05-12T16:07:04 EAT" skipped="0">
  <testcase classname="com.commontests.PlaceSingleSoccerBetTest" name="placeSingleSoccerbet" time="4.480"/>
  <system-out/>
  <testcase classname="com.commontests.PlaceSingleSoccerBetTest" name="verifyMyBets" time="5.641"/>
  <system-out/>
</testsuite> <!-- com.commontests.PlaceSingleSoccerBetTest -->
