<?xml version="1.0" encoding="UTF-8"?>
<!-- Generated by org.testng.reporters.JUnitReportReporter -->
<testsuite hostname="DESKTOP-9CO02UK" failures="0" tests="3" name="com.commontests.CricketGamesTest" time="6.359" errors="0" timestamp="2025-05-02T11:49:03 EAT" skipped="1">
  <testcase classname="com.commontests.CricketGamesTest" name="printTeamsAndMarketOdds" time="3.372"/>
  <system-out/>
  <testcase classname="com.commontests.CricketGamesTest" name="selectMultipleCricketGames" time="1.166"/>
  <system-out/>
  <testcase classname="com.commontests.CricketGamesTest" name="selectMultipleCricketGames" time="1.821">
    <skipped/>
  </testcase> <!-- selectMultipleCricketGames -->
  <system-out/>
</testsuite> <!-- com.commontests.CricketGamesTest -->
