<?xml version="1.0" encoding="UTF-8"?>
<!-- Generated by org.testng.reporters.JUnitReportReporter -->
<testsuite hostname="DESKTOP-9CO02UK" failures="0" tests="2" name="com.commontests.PlaceSingleSoccerBetTest" time="12.986" errors="0" timestamp="2025-05-02T11:49:03 EAT" skipped="0">
  <testcase classname="com.commontests.PlaceSingleSoccerBetTest" name="placeSingleSoccerbet" time="6.298"/>
  <system-out/>
  <testcase classname="com.commontests.PlaceSingleSoccerBetTest" name="verifyMyBets" time="6.688"/>
  <system-out/>
</testsuite> <!-- com.commontests.PlaceSingleSoccerBetTest -->
