<?xml version="1.0" encoding="UTF-8"?>
<!-- Generated by org.testng.reporters.JUnitReportReporter -->
<testsuite hostname="DESKTOP-9CO02UK" failures="0" tests="1" name="com.commontests.BoxingMatchesTest" time="3.417" errors="0" timestamp="2025-05-02T11:48:48 EAT" skipped="0">
  <testcase classname="com.commontests.BoxingMatchesTest" name="placetestBoxingMatches" time="3.417"/>
  <system-out/>
</testsuite> <!-- com.commontests.BoxingMatchesTest -->
