<?xml version="1.0" encoding="UTF-8"?>
<!-- Generated by org.testng.reporters.JUnitReportReporter -->
<testsuite hostname="DESKTOP-9CO02UK" failures="0" tests="1" name="com.commontests.PlaceSingleSoccerBetTest" time="4.948" errors="0" timestamp="2025-03-26T16:13:29 EAT" skipped="0">
  <testcase classname="com.commontests.PlaceSingleSoccerBetTest" name="placebet" time="4.948"/>
  <system-out/>
</testsuite> <!-- com.commontests.PlaceSingleSoccerBetTest -->
