<?xml version="1.0" encoding="UTF-8"?>
<!-- Generated by org.testng.reporters.JUnitReportReporter -->
<testsuite hostname="DESKTOP-9CO02UK" failures="0" tests="3" name="com.commontests.HandballGamesTest" time="25.901" errors="0" timestamp="2025-05-12T16:07:04 EAT" skipped="2">
  <testcase classname="com.commontests.HandballGamesTest" name="selectSingleHandballRandomBet" time="2.668">
    <skipped/>
  </testcase> <!-- selectSingleHandballRandomBet -->
  <system-out/>
  <testcase classname="com.commontests.HandballGamesTest" name="selectSingleHandballRandomBet" time="10.494">
    <skipped/>
  </testcase> <!-- selectSingleHandballRandomBet -->
  <system-out/>
  <testcase classname="com.commontests.HandballGamesTest" name="selectSingleHandballRandomBet" time="12.739"/>
  <system-out/>
</testsuite> <!-- com.commontests.HandballGamesTest -->
