<?xml version="1.0" encoding="UTF-8"?>
<!-- Generated by org.testng.reporters.JUnitReportReporter -->
<testsuite hostname="DESKTOP-9CO02UK" failures="0" tests="2" name="com.commontests.CricketGamesTest" time="16.719" errors="0" timestamp="2025-05-12T16:07:04 EAT" skipped="0">
  <testcase classname="com.commontests.CricketGamesTest" name="printTeamsAndMarketOdds" time="3.836"/>
  <system-out/>
  <testcase classname="com.commontests.CricketGamesTest" name="selectMultipleCricketGames" time="12.883"/>
  <system-out/>
</testsuite> <!-- com.commontests.CricketGamesTest -->
