<?xml version="1.0" encoding="UTF-8"?>
<!-- Generated by org.testng.reporters.JUnitReportReporter -->
<testsuite hostname="DESKTOP-9CO02UK" failures="0" tests="1" name="com.commontests.CasinoGamesTest" time="10.067" errors="0" timestamp="2025-05-02T11:49:03 EAT" skipped="0">
  <testcase classname="com.commontests.CasinoGamesTest" name="casinoTest" time="10.067"/>
  <system-out/>
</testsuite> <!-- com.commontests.CasinoGamesTest -->
