<?xml version="1.0" encoding="UTF-8"?>
<!-- Generated by org.testng.reporters.JUnitReportReporter -->
<testsuite hostname="DESKTOP-9CO02UK" failures="0" tests="1" name="com.commontests.SelectMultipleSoccerbetsTest" time="7.594" errors="0" timestamp="2025-05-02T11:48:06 EAT" skipped="0">
  <testcase classname="com.commontests.SelectMultipleSoccerbetsTest" name="TestSelectionOfMultipleSoccerGames" time="7.594"/>
  <system-out/>
</testsuite> <!-- com.commontests.SelectMultipleSoccerbetsTest -->
