<?xml version="1.0" encoding="UTF-8"?>
<!-- Generated by org.testng.reporters.JUnitReportReporter -->
<testsuite hostname="DESKTOP-9CO02UK" failures="0" tests="1" name="com.commontests.RegisterUserTest" time="7.680" errors="0" timestamp="2025-04-18T15:37:40 EAT" skipped="0">
  <testcase classname="com.commontests.RegisterUserTest" name="registerUser" time="7.680"/>
  <system-out/>
</testsuite> <!-- com.commontests.RegisterUserTest -->
